11.11.2005 11:35:51 Entering QueryContextMenu
11.11.2005 11:35:51 Requesting Data Object
11.11.2005 11:35:51 Requesting Context-Menu
11.11.2005 11:35:51 Data Object requested
11.11.2005 11:35:51 Files are selected. First filename = Z:\#r.jpg. State = -1
11.11.2005 11:35:51 Displaying Context-Menus
11.11.2005 11:35:51 Displaying Default-Menu
11.11.2005 11:35:51 Creating-Main-Menu
11.11.2005 13:15:41 Entering QueryContextMenu
11.11.2005 13:15:41 Requesting Data Object
11.11.2005 13:15:41 Requesting Context-Menu
11.11.2005 13:15:41 Data Object requested
11.11.2005 13:15:41 Files are selected. First filename = Z:\!r.jpg. State = -1
11.11.2005 13:15:41 Displaying Context-Menus
11.11.2005 13:15:41 Displaying Default-Menu
11.11.2005 13:15:41 Creating-Main-Menu
11.11.2005 13:16:02 Entering QueryContextMenu
11.11.2005 13:16:02 Requesting Data Object
11.11.2005 13:16:02 Requesting Context-Menu
11.11.2005 13:16:02 Data Object requested
11.11.2005 13:16:02 Files are selected. First filename = Z:\!r.jpg. State = -1
11.11.2005 13:16:02 Displaying Context-Menus
11.11.2005 13:16:02 Displaying Default-Menu
11.11.2005 13:16:02 Creating-Main-Menu
11.11.2005 13:17:22 Entering QueryContextMenu
11.11.2005 13:17:22 Requesting Data Object
11.11.2005 13:17:22 Requesting Context-Menu
11.11.2005 13:17:22 Data Object requested
11.11.2005 13:17:22 Files are selected. First filename = Z:\#r.jpg. State = -1
11.11.2005 13:17:22 Displaying Context-Menus
11.11.2005 13:17:22 Displaying Default-Menu
11.11.2005 13:17:22 Creating-Main-Menu
